{"/Users/ayako/code/inventory-tracker/db.js": {"path":"/Users/ayako/code/inventory-tracker/db.js","statementMap":{"0":{"start":{"line":1,"column":24},"end":{"line":1,"column":42}},"1":{"start":{"line":4,"column":20},"end":{"line":4,"column":57}},"2":{"start":{"line":5,"column":16},"end":{"line":5,"column":79}},"3":{"start":{"line":6,"column":0},"end":{"line":6,"column":44}},"4":{"start":{"line":10,"column":4},"end":{"line":10,"column":23}},"5":{"start":{"line":11,"column":4},"end":{"line":11,"column":19}},"6":{"start":{"line":12,"column":4},"end":{"line":12,"column":29}},"7":{"start":{"line":16,"column":4},"end":{"line":18,"column":5}},"8":{"start":{"line":17,"column":6},"end":{"line":17,"column":21}},"9":{"start":{"line":20,"column":4},"end":{"line":40,"column":5}},"10":{"start":{"line":21,"column":23},"end":{"line":21,"column":46}},"11":{"start":{"line":22,"column":21},"end":{"line":22,"column":71}},"12":{"start":{"line":24,"column":6},"end":{"line":26,"column":7}},"13":{"start":{"line":25,"column":8},"end":{"line":25,"column":71}},"14":{"start":{"line":28,"column":6},"end":{"line":28,"column":46}},"15":{"start":{"line":29,"column":6},"end":{"line":29,"column":46}},"16":{"start":{"line":30,"column":6},"end":{"line":30,"column":34}},"17":{"start":{"line":32,"column":6},"end":{"line":32,"column":39}},"18":{"start":{"line":33,"column":6},"end":{"line":33,"column":30}},"19":{"start":{"line":35,"column":6},"end":{"line":35,"column":55}},"20":{"start":{"line":36,"column":6},"end":{"line":36,"column":21}},"21":{"start":{"line":38,"column":6},"end":{"line":38,"column":56}},"22":{"start":{"line":39,"column":6},"end":{"line":39,"column":18}},"23":{"start":{"line":44,"column":4},"end":{"line":48,"column":5}},"24":{"start":{"line":45,"column":6},"end":{"line":45,"column":32}},"25":{"start":{"line":46,"column":6},"end":{"line":46,"column":31}},"26":{"start":{"line":47,"column":6},"end":{"line":47,"column":47}},"27":{"start":{"line":52,"column":4},"end":{"line":54,"column":5}},"28":{"start":{"line":53,"column":6},"end":{"line":53,"column":71}},"29":{"start":{"line":55,"column":4},"end":{"line":55,"column":19}},"30":{"start":{"line":60,"column":4},"end":{"line":69,"column":5}},"31":{"start":{"line":61,"column":17},"end":{"line":61,"column":29}},"32":{"start":{"line":62,"column":25},"end":{"line":62,"column":53}},"33":{"start":{"line":64,"column":22},"end":{"line":64,"column":58}},"34":{"start":{"line":65,"column":6},"end":{"line":65,"column":46}},"35":{"start":{"line":67,"column":6},"end":{"line":67,"column":73}},"36":{"start":{"line":68,"column":6},"end":{"line":68,"column":16}},"37":{"start":{"line":73,"column":4},"end":{"line":89,"column":5}},"38":{"start":{"line":74,"column":17},"end":{"line":74,"column":29}},"39":{"start":{"line":75,"column":25},"end":{"line":75,"column":53}},"40":{"start":{"line":77,"column":6},"end":{"line":85,"column":8}},"41":{"start":{"line":87,"column":6},"end":{"line":87,"column":70}},"42":{"start":{"line":88,"column":6},"end":{"line":88,"column":18}},"43":{"start":{"line":93,"column":4},"end":{"line":102,"column":5}},"44":{"start":{"line":94,"column":17},"end":{"line":94,"column":29}},"45":{"start":{"line":95,"column":25},"end":{"line":95,"column":53}},"46":{"start":{"line":97,"column":20},"end":{"line":97,"column":102}},"47":{"start":{"line":98,"column":6},"end":{"line":98,"column":19}},"48":{"start":{"line":100,"column":6},"end":{"line":100,"column":56}},"49":{"start":{"line":101,"column":6},"end":{"line":101,"column":16}},"50":{"start":{"line":106,"column":4},"end":{"line":115,"column":5}},"51":{"start":{"line":107,"column":17},"end":{"line":107,"column":29}},"52":{"start":{"line":108,"column":25},"end":{"line":108,"column":53}},"53":{"start":{"line":110,"column":21},"end":{"line":110,"column":59}},"54":{"start":{"line":111,"column":6},"end":{"line":111,"column":37}},"55":{"start":{"line":113,"column":6},"end":{"line":113,"column":61}},"56":{"start":{"line":114,"column":6},"end":{"line":114,"column":19}},"57":{"start":{"line":120,"column":17},"end":{"line":120,"column":31}},"58":{"start":{"line":123,"column":0},"end":{"line":127,"column":3}},"59":{"start":{"line":124,"column":2},"end":{"line":124,"column":64}},"60":{"start":{"line":125,"column":2},"end":{"line":125,"column":30}},"61":{"start":{"line":126,"column":2},"end":{"line":126,"column":18}},"62":{"start":{"line":129,"column":0},"end":{"line":133,"column":3}},"63":{"start":{"line":130,"column":2},"end":{"line":130,"column":65}},"64":{"start":{"line":131,"column":2},"end":{"line":131,"column":30}},"65":{"start":{"line":132,"column":2},"end":{"line":132,"column":18}},"66":{"start":{"line":135,"column":0},"end":{"line":135,"column":26}}},"fnMap":{"0":{"name":"(anonymous_0)","decl":{"start":{"line":9,"column":2},"end":{"line":9,"column":3}},"loc":{"start":{"line":9,"column":16},"end":{"line":13,"column":3}},"line":9},"1":{"name":"(anonymous_1)","decl":{"start":{"line":15,"column":2},"end":{"line":15,"column":3}},"loc":{"start":{"line":15,"column":18},"end":{"line":41,"column":3}},"line":15},"2":{"name":"(anonymous_2)","decl":{"start":{"line":43,"column":2},"end":{"line":43,"column":3}},"loc":{"start":{"line":43,"column":21},"end":{"line":49,"column":3}},"line":43},"3":{"name":"(anonymous_3)","decl":{"start":{"line":51,"column":2},"end":{"line":51,"column":3}},"loc":{"start":{"line":51,"column":10},"end":{"line":56,"column":3}},"line":51},"4":{"name":"(anonymous_4)","decl":{"start":{"line":59,"column":2},"end":{"line":59,"column":3}},"loc":{"start":{"line":59,"column":33},"end":{"line":70,"column":3}},"line":59},"5":{"name":"(anonymous_5)","decl":{"start":{"line":72,"column":2},"end":{"line":72,"column":3}},"loc":{"start":{"line":72,"column":45},"end":{"line":90,"column":3}},"line":72},"6":{"name":"(anonymous_6)","decl":{"start":{"line":92,"column":2},"end":{"line":92,"column":3}},"loc":{"start":{"line":92,"column":22},"end":{"line":103,"column":3}},"line":92},"7":{"name":"(anonymous_7)","decl":{"start":{"line":105,"column":2},"end":{"line":105,"column":3}},"loc":{"start":{"line":105,"column":36},"end":{"line":116,"column":3}},"line":105},"8":{"name":"(anonymous_8)","decl":{"start":{"line":123,"column":21},"end":{"line":123,"column":22}},"loc":{"start":{"line":123,"column":33},"end":{"line":127,"column":1}},"line":123},"9":{"name":"(anonymous_9)","decl":{"start":{"line":129,"column":22},"end":{"line":129,"column":23}},"loc":{"start":{"line":129,"column":34},"end":{"line":133,"column":1}},"line":129}},"branchMap":{"0":{"loc":{"start":{"line":4,"column":20},"end":{"line":4,"column":57}},"type":"binary-expr","locations":[{"start":{"line":4,"column":20},"end":{"line":4,"column":40}},{"start":{"line":4,"column":44},"end":{"line":4,"column":57}}],"line":4},"1":{"loc":{"start":{"line":5,"column":16},"end":{"line":5,"column":79}},"type":"cond-expr","locations":[{"start":{"line":5,"column":47},"end":{"line":5,"column":64}},{"start":{"line":5,"column":67},"end":{"line":5,"column":79}}],"line":5},"2":{"loc":{"start":{"line":16,"column":4},"end":{"line":18,"column":5}},"type":"if","locations":[{"start":{"line":16,"column":4},"end":{"line":18,"column":5}},{"start":{},"end":{}}],"line":16},"3":{"loc":{"start":{"line":22,"column":21},"end":{"line":22,"column":71}},"type":"binary-expr","locations":[{"start":{"line":22,"column":21},"end":{"line":22,"column":48}},{"start":{"line":22,"column":52},"end":{"line":22,"column":71}}],"line":22},"4":{"loc":{"start":{"line":24,"column":6},"end":{"line":26,"column":7}},"type":"if","locations":[{"start":{"line":24,"column":6},"end":{"line":26,"column":7}},{"start":{},"end":{}}],"line":24},"5":{"loc":{"start":{"line":44,"column":4},"end":{"line":48,"column":5}},"type":"if","locations":[{"start":{"line":44,"column":4},"end":{"line":48,"column":5}},{"start":{},"end":{}}],"line":44},"6":{"loc":{"start":{"line":52,"column":4},"end":{"line":54,"column":5}},"type":"if","locations":[{"start":{"line":52,"column":4},"end":{"line":54,"column":5}},{"start":{},"end":{}}],"line":52},"7":{"loc":{"start":{"line":52,"column":8},"end":{"line":52,"column":37}},"type":"binary-expr","locations":[{"start":{"line":52,"column":8},"end":{"line":52,"column":25}},{"start":{"line":52,"column":29},"end":{"line":52,"column":37}}],"line":52},"8":{"loc":{"start":{"line":65,"column":13},"end":{"line":65,"column":45}},"type":"cond-expr","locations":[{"start":{"line":65,"column":23},"end":{"line":65,"column":40}},{"start":{"line":65,"column":43},"end":{"line":65,"column":45}}],"line":65}},"s":{"0":1,"1":1,"2":1,"3":1,"4":1,"5":1,"6":1,"7":4,"8":0,"9":4,"10":4,"11":4,"12":4,"13":0,"14":4,"15":4,"16":4,"17":2,"18":2,"19":2,"20":2,"21":1,"22":1,"23":4,"24":4,"25":4,"26":4,"27":273,"28":2,"29":271,"30":134,"31":134,"32":132,"33":132,"34":132,"35":2,"36":2,"37":139,"38":139,"39":139,"40":139,"41":1,"42":1,"43":0,"44":0,"45":0,"46":0,"47":0,"48":0,"49":0,"50":0,"51":0,"52":0,"53":0,"54":0,"55":0,"56":0,"57":1,"58":1,"59":0,"60":0,"61":0,"62":1,"63":0,"64":0,"65":0,"66":1},"f":{"0":1,"1":4,"2":4,"3":273,"4":134,"5":139,"6":0,"7":0,"8":0,"9":0},"b":{"0":[1,0],"1":[0,1],"2":[0,4],"3":[4,0],"4":[0,4],"5":[4,0],"6":[2,271],"7":[273,271],"8":[131,1]},"_coverageSchema":"1a1c01bbd47fc00a2c39e90264f33305004495a9","hash":"ba3e52a1832da839d571d857e38a9123cfd6b87e"}
}
