TN:
SF:db.js
FN:9,(anonymous_0)
FN:15,(anonymous_1)
FN:43,(anonymous_2)
FN:51,(anonymous_3)
FN:59,(anonymous_4)
FN:72,(anonymous_5)
FN:92,(anonymous_6)
FN:105,(anonymous_7)
FN:123,(anonymous_8)
FN:129,(anonymous_9)
FNF:10
FNH:6
FNDA:1,(anonymous_0)
FNDA:4,(anonymous_1)
FNDA:4,(anonymous_2)
FNDA:273,(anonymous_3)
FNDA:134,(anonymous_4)
FNDA:139,(anonymous_5)
FNDA:0,(anonymous_6)
FNDA:0,(anonymous_7)
FNDA:0,(anonymous_8)
FNDA:0,(anonymous_9)
DA:1,1
DA:4,1
DA:5,1
DA:6,1
DA:10,1
DA:11,1
DA:12,1
DA:16,4
DA:17,0
DA:20,4
DA:21,4
DA:22,4
DA:24,4
DA:25,0
DA:28,4
DA:29,4
DA:30,4
DA:32,2
DA:33,2
DA:35,2
DA:36,2
DA:38,1
DA:39,1
DA:44,4
DA:45,4
DA:46,4
DA:47,4
DA:52,273
DA:53,2
DA:55,271
DA:60,134
DA:61,134
DA:62,132
DA:64,132
DA:65,132
DA:67,2
DA:68,2
DA:73,139
DA:74,139
DA:75,139
DA:77,139
DA:87,1
DA:88,1
DA:93,0
DA:94,0
DA:95,0
DA:97,0
DA:98,0
DA:100,0
DA:101,0
DA:106,0
DA:107,0
DA:108,0
DA:110,0
DA:111,0
DA:113,0
DA:114,0
DA:120,1
DA:123,1
DA:124,0
DA:125,0
DA:126,0
DA:129,1
DA:130,0
DA:131,0
DA:132,0
DA:135,1
LF:67
LH:45
BRDA:4,0,0,1
BRDA:4,0,1,0
BRDA:5,1,0,0
BRDA:5,1,1,1
BRDA:16,2,0,0
BRDA:16,2,1,4
BRDA:22,3,0,4
BRDA:22,3,1,0
BRDA:24,4,0,0
BRDA:24,4,1,4
BRDA:44,5,0,4
BRDA:44,5,1,0
BRDA:52,6,0,2
BRDA:52,6,1,271
BRDA:52,7,0,273
BRDA:52,7,1,271
BRDA:65,8,0,131
BRDA:65,8,1,1
BRF:18
BRH:12
end_of_record
